<?xml version="1.0" encoding="UTF-8"?>
<!-- Generated by org.testng.reporters.JUnitReportReporter -->
<testsuite hostname="Abhilash" failures="0" tests="12" name="prac1.com.Condition" time="19.419" errors="0" timestamp="2022-09-16T11:28:02 IST" skipped="0">
  <testcase classname="prac1.com.Condition" name="Test_Case1" time="2.031"/>
  <system-out/>
  <testcase classname="prac1.com.Condition" name="Test_Case2" time="1.325"/>
  <system-out/>
  <testcase classname="prac1.com.Condition" name="Test_Case3" time="1.585"/>
  <system-out/>
  <testcase classname="prac1.com.Condition" name="Test_Case4" time="1.766"/>
  <system-out/>
  <testcase classname="prac1.com.Condition" name="Test_Case5" time="1.490"/>
  <system-out/>
  <testcase classname="prac1.com.Condition" name="Test_Case6" time="1.418"/>
  <system-out/>
  <testcase classname="prac1.com.Condition" name="Test_Case7" time="1.651"/>
  <system-out/>
  <testcase classname="prac1.com.Condition" name="Test_Case8" time="1.414"/>
  <system-out/>
  <testcase classname="prac1.com.Condition" name="Test_Case9" time="1.754"/>
  <system-out/>
  <testcase classname="prac1.com.Condition" name="Test_Case10" time="1.622"/>
  <system-out/>
  <testcase classname="prac1.com.Condition" name="Test_Case11" time="1.604"/>
  <system-out/>
  <testcase classname="prac1.com.Condition" name="Test_Case12" time="1.759"/>
  <system-out/>
</testsuite> <!-- prac1.com.Condition -->
