<?xml version="1.0" encoding="UTF-8"?>
<!-- Generated by org.testng.reporters.JUnitReportReporter -->
<testsuite hostname="Abhilash" failures="0" tests="1" name="prac1.com.A18_automate_token_endpoint" time="4.252" errors="0" timestamp="2022-09-07T10:20:30 IST" skipped="0">
  <testcase classname="prac1.com.A18_automate_token_endpoint" name="testcase_post" time="4.252"/>
  <system-out/>
</testsuite> <!-- prac1.com.A18_automate_token_endpoint -->
