<?xml version="1.0" encoding="UTF-8"?>
<!-- Generated by org.testng.reporters.JUnitReportReporter -->
<testsuite hostname="Abhilash" failures="0" tests="4" name="prac1.com.TestCases" time="53.149" errors="0" timestamp="2022-09-16T11:28:02 IST" skipped="0">
  <testcase classname="prac1.com.TestCases" name="ResourceType_Encounter" time="17.103"/>
  <system-out/>
  <testcase classname="prac1.com.TestCases" name="ResourceType_Procedure" time="16.919"/>
  <system-out/>
  <testcase classname="prac1.com.TestCases" name="ResourceType_AllergyIntolerance" time="8.614"/>
  <system-out/>
  <testcase classname="prac1.com.TestCases" name="ResourceType_Immunization" time="10.513"/>
  <system-out/>
</testsuite> <!-- prac1.com.TestCases -->
