<?xml version="1.0" encoding="UTF-8"?>
<!-- Generated by org.testng.reporters.JUnitReportReporter -->
<testsuite hostname="Abhilash" failures="0" tests="1" name="prac1.com.A10_automate_post" time="4.605" errors="0" timestamp="2022-09-08T15:57:22 IST" skipped="0">
  <testcase classname="prac1.com.A10_automate_post" name="validate_post_bdd" time="4.605"/>
  <system-out/>
</testsuite> <!-- prac1.com.A10_automate_post -->
