<?xml version="1.0" encoding="UTF-8"?>
<!-- Generated by org.testng.reporters.JUnitReportReporter -->
<testsuite hostname="Abhilash" failures="0" tests="11" name="prac1.com.ServiceRequest" time="19.676" errors="0" timestamp="2022-09-16T11:28:02 IST" skipped="0">
  <testcase classname="prac1.com.ServiceRequest" name="Test_Case1" time="2.066"/>
  <system-out/>
  <testcase classname="prac1.com.ServiceRequest" name="Test_Case2" time="3.252"/>
  <system-out/>
  <testcase classname="prac1.com.ServiceRequest" name="Test_Case3" time="1.546"/>
  <system-out/>
  <testcase classname="prac1.com.ServiceRequest" name="Test_Case4" time="1.836"/>
  <system-out/>
  <testcase classname="prac1.com.ServiceRequest" name="Test_Case5" time="1.536"/>
  <system-out/>
  <testcase classname="prac1.com.ServiceRequest" name="Test_Case7" time="1.758"/>
  <system-out/>
  <testcase classname="prac1.com.ServiceRequest" name="Test_Case8" time="1.545"/>
  <system-out/>
  <testcase classname="prac1.com.ServiceRequest" name="Test_Case9" time="1.683"/>
  <system-out/>
  <testcase classname="prac1.com.ServiceRequest" name="Test_Case10" time="1.503"/>
  <system-out/>
  <testcase classname="prac1.com.ServiceRequest" name="Test_Case11" time="1.416"/>
  <system-out/>
  <testcase classname="prac1.com.ServiceRequest" name="Test_Case12" time="1.535"/>
  <system-out/>
</testsuite> <!-- prac1.com.ServiceRequest -->
