<?xml version="1.0" encoding="UTF-8"?>
<!-- Generated by org.testng.reporters.JUnitReportReporter -->
<testsuite hostname="Abhilash" failures="0" tests="12" name="prac1.com.Condition" time="30.307" errors="0" timestamp="2022-10-18T15:54:31 IST" skipped="0">
  <testcase classname="prac1.com.Condition" name="Test_Case1" time="11.529"/>
  <system-out/>
  <testcase classname="prac1.com.Condition" name="Test_Case2" time="1.668"/>
  <system-out/>
  <testcase classname="prac1.com.Condition" name="Test_Case3" time="2.436"/>
  <system-out/>
  <testcase classname="prac1.com.Condition" name="Test_Case4" time="1.488"/>
  <system-out/>
  <testcase classname="prac1.com.Condition" name="Test_Case5" time="1.482"/>
  <system-out/>
  <testcase classname="prac1.com.Condition" name="Test_Case6" time="1.921"/>
  <system-out/>
  <testcase classname="prac1.com.Condition" name="Test_Case7" time="2.042"/>
  <system-out/>
  <testcase classname="prac1.com.Condition" name="Test_Case8" time="1.425"/>
  <system-out/>
  <testcase classname="prac1.com.Condition" name="Test_Case9" time="1.623"/>
  <system-out/>
  <testcase classname="prac1.com.Condition" name="Test_Case10" time="1.372"/>
  <system-out/>
  <testcase classname="prac1.com.Condition" name="Test_Case11" time="1.877"/>
  <system-out/>
  <testcase classname="prac1.com.Condition" name="Test_Case12" time="1.444"/>
  <system-out/>
</testsuite> <!-- prac1.com.Condition -->
