<?xml version="1.0" encoding="UTF-8"?>
<!-- Generated by org.testng.reporters.JUnitReportReporter -->
<testsuite hostname="86T95P2-Abhilash" failures="0" tests="1" name="prac1.com.A16_POJO_serialization" time="3.501" errors="0" timestamp="2022-08-22T17:57:10 IST" skipped="0">
  <testcase classname="prac1.com.A16_POJO_serialization" name="simple_pojo_example" time="3.501"/>
  <system-out/>
</testsuite> <!-- prac1.com.A16_POJO_serialization -->
