<?xml version="1.0" encoding="UTF-8"?>
<!-- Generated by org.testng.reporters.JUnitReportReporter -->
<testsuite hostname="86T95P2-Abhilash" failures="0" tests="1" name="prac1.com.practice1" time="0.660" errors="0" timestamp="2022-07-26T11:27:00 IST" skipped="0">
  <testcase classname="prac1.com.practice1" name="test" time="0.660"/>
  <system-out/>
</testsuite> <!-- prac1.com.practice1 -->
