<?xml version="1.0" encoding="UTF-8"?>
<!-- Generated by org.testng.reporters.JUnitReportReporter -->
<testsuite hostname="Abhilash" failures="0" tests="7" name="prac1.com.Immunization" time="19.366" errors="0" timestamp="2022-10-18T16:00:04 IST" skipped="0">
  <testcase classname="prac1.com.Immunization" name="Test_Case1" time="9.665"/>
  <system-out/>
  <testcase classname="prac1.com.Immunization" name="Test_Case2" time="1.415"/>
  <system-out/>
  <testcase classname="prac1.com.Immunization" name="Test_Case3" time="1.371"/>
  <system-out/>
  <testcase classname="prac1.com.Immunization" name="Test_Case4" time="2.461"/>
  <system-out/>
  <testcase classname="prac1.com.Immunization" name="Test_Case5" time="1.509"/>
  <system-out/>
  <testcase classname="prac1.com.Immunization" name="Test_Case6" time="1.444"/>
  <system-out/>
  <testcase classname="prac1.com.Immunization" name="Test_Case7" time="1.501"/>
  <system-out/>
</testsuite> <!-- prac1.com.Immunization -->
