<?xml version="1.0" encoding="UTF-8"?>
<!-- Generated by org.testng.reporters.JUnitReportReporter -->
<testsuite hostname="86T95P2-Abhilash" failures="0" tests="1" name="prac1.com.A15_filters_logs" time="4.027" errors="0" timestamp="2022-08-09T10:16:48 IST" skipped="0">
  <testcase classname="prac1.com.A15_filters_logs" name="single_query_parameter" time="4.027"/>
  <system-out/>
</testsuite> <!-- prac1.com.A15_filters_logs -->
