<?xml version="1.0" encoding="UTF-8"?>
<!-- Generated by org.testng.reporters.JUnitReportReporter -->
<testsuite hostname="Abhilash" failures="0" tests="6" name="prac1.com.AllergyIntolerance" time="17.727" errors="0" timestamp="2022-10-18T15:49:01 IST" skipped="0">
  <testcase classname="prac1.com.AllergyIntolerance" name="Test_Case1" time="10.097"/>
  <system-out/>
  <testcase classname="prac1.com.AllergyIntolerance" name="Test_Case2" time="1.412"/>
  <system-out/>
  <testcase classname="prac1.com.AllergyIntolerance" name="Test_Case3" time="1.745"/>
  <system-out/>
  <testcase classname="prac1.com.AllergyIntolerance" name="Test_Case4" time="1.543"/>
  <system-out/>
  <testcase classname="prac1.com.AllergyIntolerance" name="Test_Case5" time="1.419"/>
  <system-out/>
  <testcase classname="prac1.com.AllergyIntolerance" name="Test_Case6" time="1.511"/>
  <system-out/>
</testsuite> <!-- prac1.com.AllergyIntolerance -->
