<?xml version="1.0" encoding="UTF-8"?>
<!-- Generated by org.testng.reporters.JUnitReportReporter -->
<testsuite hostname="86T95P2-Abhilash" failures="0" tests="1" name="prac1.com.A14_echo_request_parameters" time="3.882" errors="0" timestamp="2022-08-04T13:02:42 IST" skipped="0">
  <testcase classname="prac1.com.A14_echo_request_parameters" name="form_urlencoded" time="3.882"/>
  <system-out/>
</testsuite> <!-- prac1.com.A14_echo_request_parameters -->
