<?xml version="1.0" encoding="UTF-8"?>
<!-- Generated by org.testng.reporters.JUnitReportReporter -->
<testsuite hostname="Abhilash" failures="0" tests="7" name="prac1.com.Immunization" time="11.172" errors="0" timestamp="2022-09-16T11:28:02 IST" skipped="0">
  <testcase classname="prac1.com.Immunization" name="Test_Case1" time="1.817"/>
  <system-out/>
  <testcase classname="prac1.com.Immunization" name="Test_Case2" time="1.552"/>
  <system-out/>
  <testcase classname="prac1.com.Immunization" name="Test_Case3" time="1.525"/>
  <system-out/>
  <testcase classname="prac1.com.Immunization" name="Test_Case4" time="1.421"/>
  <system-out/>
  <testcase classname="prac1.com.Immunization" name="Test_Case5" time="1.775"/>
  <system-out/>
  <testcase classname="prac1.com.Immunization" name="Test_Case6" time="1.572"/>
  <system-out/>
  <testcase classname="prac1.com.Immunization" name="Test_Case7" time="1.510"/>
  <system-out/>
</testsuite> <!-- prac1.com.Immunization -->
