<?xml version="1.0" encoding="UTF-8"?>
<!-- Generated by org.testng.reporters.JUnitReportReporter -->
<testsuite hostname="86T95P2-Abhilash" failures="0" tests="1" name="prac1.com.A21_FrameworkPracticeAuthserver" time="3.641" errors="0" timestamp="2022-09-05T18:39:14 IST" skipped="0">
  <testcase classname="prac1.com.A21_FrameworkPracticeAuthserver" name="Token" time="3.641"/>
  <system-out/>
</testsuite> <!-- prac1.com.A21_FrameworkPracticeAuthserver -->
