<?xml version="1.0" encoding="UTF-8"?>
<!-- Generated by org.testng.reporters.JUnitReportReporter -->
<testsuite hostname="Abhilash" failures="0" tests="11" name="prac1.com.ServiceRequest" time="28.770" errors="0" timestamp="2022-10-18T16:34:17 IST" skipped="0">
  <testcase classname="prac1.com.ServiceRequest" name="Test_Case1" time="10.973"/>
  <system-out/>
  <testcase classname="prac1.com.ServiceRequest" name="Test_Case2" time="3.051"/>
  <system-out/>
  <testcase classname="prac1.com.ServiceRequest" name="Test_Case3" time="1.318"/>
  <system-out/>
  <testcase classname="prac1.com.ServiceRequest" name="Test_Case4" time="1.323"/>
  <system-out/>
  <testcase classname="prac1.com.ServiceRequest" name="Test_Case5" time="1.677"/>
  <system-out/>
  <testcase classname="prac1.com.ServiceRequest" name="Test_Case7" time="1.715"/>
  <system-out/>
  <testcase classname="prac1.com.ServiceRequest" name="Test_Case8" time="1.265"/>
  <system-out/>
  <testcase classname="prac1.com.ServiceRequest" name="Test_Case9" time="2.058"/>
  <system-out/>
  <testcase classname="prac1.com.ServiceRequest" name="Test_Case10" time="2.120"/>
  <system-out/>
  <testcase classname="prac1.com.ServiceRequest" name="Test_Case11" time="1.783"/>
  <system-out/>
  <testcase classname="prac1.com.ServiceRequest" name="Test_Case12" time="1.487"/>
  <system-out/>
</testsuite> <!-- prac1.com.ServiceRequest -->
