<?xml version="1.0" encoding="UTF-8"?>
<!-- Generated by org.testng.reporters.JUnitReportReporter -->
<testsuite hostname="Abhilash" failures="0" tests="13" name="prac1.com.Observation" time="31.399" errors="0" timestamp="2022-10-18T16:20:40 IST" skipped="0">
  <testcase classname="prac1.com.Observation" name="Test_Case1" time="12.402"/>
  <system-out/>
  <testcase classname="prac1.com.Observation" name="Test_Case2" time="2.431"/>
  <system-out/>
  <testcase classname="prac1.com.Observation" name="Test_Case3" time="1.593"/>
  <system-out/>
  <testcase classname="prac1.com.Observation" name="Test_Case4" time="1.401"/>
  <system-out/>
  <testcase classname="prac1.com.Observation" name="Test_Case5" time="1.323"/>
  <system-out/>
  <testcase classname="prac1.com.Observation" name="Test_Case6" time="2.173"/>
  <system-out/>
  <testcase classname="prac1.com.Observation" name="Test_Case7" time="1.366"/>
  <system-out/>
  <testcase classname="prac1.com.Observation" name="Test_Case8" time="1.789"/>
  <system-out/>
  <testcase classname="prac1.com.Observation" name="Test_Case9" time="1.495"/>
  <system-out/>
  <testcase classname="prac1.com.Observation" name="Test_Case10" time="1.395"/>
  <system-out/>
  <testcase classname="prac1.com.Observation" name="Test_Case11" time="1.365"/>
  <system-out/>
  <testcase classname="prac1.com.Observation" name="Test_Case12" time="1.367"/>
  <system-out/>
  <testcase classname="prac1.com.Observation" name="Test_Case13" time="1.299"/>
  <system-out/>
</testsuite> <!-- prac1.com.Observation -->
