<?xml version="1.0" encoding="UTF-8"?>
<!-- Generated by org.testng.reporters.JUnitReportReporter -->
<testsuite hostname="Abhilash" failures="0" tests="1" name="prac1.com.Downloadfile" time="4.908" errors="0" timestamp="2022-09-28T17:19:29 IST" skipped="0">
  <testcase classname="prac1.com.Downloadfile" name="download_file" time="4.908"/>
  <system-out/>
</testsuite> <!-- prac1.com.Downloadfile -->
