<?xml version="1.0" encoding="UTF-8"?>
<!-- Generated by org.testng.reporters.JUnitReportReporter -->
<testsuite hostname="86T95P2-Abhilash" failures="0" tests="1" name="prac1.com.A17_Automate_allergy_bypatient" time="4.777" errors="0" timestamp="2022-08-22T15:53:42 IST" skipped="0">
  <testcase classname="prac1.com.A17_Automate_allergy_bypatient" name="testcase_1" time="4.777"/>
  <system-out/>
</testsuite> <!-- prac1.com.A17_Automate_allergy_bypatient -->
