<?xml version="1.0" encoding="UTF-8"?>
<!-- Generated by org.testng.reporters.JUnitReportReporter -->
<testsuite hostname="86T95P2-Abhilash" failures="0" tests="1" name="prac1.com.A3_automateget_assertstatusandresponse" time="3.086" errors="0" timestamp="2022-08-01T10:40:27 IST" skipped="0">
  <testcase classname="prac1.com.A3_automateget_assertstatusandresponse" name="validate_status_code" time="3.086"/>
  <system-out/>
</testsuite> <!-- prac1.com.A3_automateget_assertstatusandresponse -->
