<?xml version="1.0" encoding="UTF-8"?>
<!-- Generated by org.testng.reporters.JUnitReportReporter -->
<testsuite hostname="86T95P2-Abhilash" failures="0" tests="2" name="prac1.com.A7_requestspecification" time="3.387" errors="0" timestamp="2022-08-01T11:01:00 IST" skipped="0">
  <testcase classname="prac1.com.A7_requestspecification" name="for_response_body" time="2.476"/>
  <system-out/>
  <testcase classname="prac1.com.A7_requestspecification" name="for_status_code" time="0.911"/>
  <system-out/>
</testsuite> <!-- prac1.com.A7_requestspecification -->
