<?xml version="1.0" encoding="UTF-8"?>
<!-- Generated by org.testng.reporters.JUnitReportReporter -->
<testsuite hostname="Abhilash" failures="0" tests="10" name="prac1.com.Procedure" time="13.571" errors="0" timestamp="2022-09-16T11:28:02 IST" skipped="0">
  <testcase classname="prac1.com.Procedure" name="Test_Case1" time="1.359"/>
  <system-out/>
  <testcase classname="prac1.com.Procedure" name="Test_Case2" time="1.311"/>
  <system-out/>
  <testcase classname="prac1.com.Procedure" name="Test_Case3" time="1.295"/>
  <system-out/>
  <testcase classname="prac1.com.Procedure" name="Test_Case4" time="1.250"/>
  <system-out/>
  <testcase classname="prac1.com.Procedure" name="Test_Case5" time="1.313"/>
  <system-out/>
  <testcase classname="prac1.com.Procedure" name="Test_Case6" time="1.290"/>
  <system-out/>
  <testcase classname="prac1.com.Procedure" name="Test_Case7" time="1.312"/>
  <system-out/>
  <testcase classname="prac1.com.Procedure" name="Test_Case8" time="1.482"/>
  <system-out/>
  <testcase classname="prac1.com.Procedure" name="Test_Case9" time="1.507"/>
  <system-out/>
  <testcase classname="prac1.com.Procedure" name="Test_Case10" time="1.452"/>
  <system-out/>
</testsuite> <!-- prac1.com.Procedure -->
