<?xml version="1.0" encoding="UTF-8"?>
<!-- Generated by org.testng.reporters.JUnitReportReporter -->
<testsuite hostname="86T95P2-Abhilash" failures="0" tests="1" name="prac1.com.A19_authserver" time="5.511" errors="0" timestamp="2022-08-24T13:24:47 IST" skipped="0">
  <testcase classname="prac1.com.A19_authserver" name="login_page" time="5.511"/>
  <system-out/>
</testsuite> <!-- prac1.com.A19_authserver -->
