<?xml version="1.0" encoding="UTF-8"?>
<!-- Generated by org.testng.reporters.JUnitReportReporter -->
<testsuite hostname="Abhilash" failures="0" tests="10" name="prac1.com.Procedure" time="25.328" errors="0" timestamp="2022-10-18T16:30:09 IST" skipped="0">
  <testcase classname="prac1.com.Procedure" name="Test_Case1" time="10.671"/>
  <system-out/>
  <testcase classname="prac1.com.Procedure" name="Test_Case2" time="2.114"/>
  <system-out/>
  <testcase classname="prac1.com.Procedure" name="Test_Case3" time="1.448"/>
  <system-out/>
  <testcase classname="prac1.com.Procedure" name="Test_Case4" time="2.344"/>
  <system-out/>
  <testcase classname="prac1.com.Procedure" name="Test_Case5" time="1.418"/>
  <system-out/>
  <testcase classname="prac1.com.Procedure" name="Test_Case6" time="2.013"/>
  <system-out/>
  <testcase classname="prac1.com.Procedure" name="Test_Case7" time="1.244"/>
  <system-out/>
  <testcase classname="prac1.com.Procedure" name="Test_Case8" time="1.442"/>
  <system-out/>
  <testcase classname="prac1.com.Procedure" name="Test_Case9" time="1.325"/>
  <system-out/>
  <testcase classname="prac1.com.Procedure" name="Test_Case10" time="1.309"/>
  <system-out/>
</testsuite> <!-- prac1.com.Procedure -->
