<?xml version="1.0" encoding="UTF-8"?>
<!-- Generated by org.testng.reporters.JUnitReportReporter -->
<testsuite hostname="86T95P2-Abhilash" failures="0" tests="1" name="prac1.com.A21_Token_Authserver" time="4.270" errors="0" timestamp="2022-09-06T15:24:13 IST" skipped="0">
  <testcase classname="prac1.com.A21_Token_Authserver" name="Token" time="4.270"/>
  <system-out/>
</testsuite> <!-- prac1.com.A21_Token_Authserver -->
