<?xml version="1.0" encoding="UTF-8"?>
<!-- Generated by org.testng.reporters.JUnitReportReporter -->
<testsuite hostname="86T95P2-Abhilash" failures="0" tests="1" name="prac1.com.A17_Automate_patient_by_id" time="4.399" errors="0" timestamp="2022-09-02T17:06:11 IST" skipped="0">
  <testcase classname="prac1.com.A17_Automate_patient_by_id" name="by_patient" time="4.399"/>
  <system-out/>
</testsuite> <!-- prac1.com.A17_Automate_patient_by_id -->
