<?xml version="1.0" encoding="UTF-8"?>
<!-- Generated by org.testng.reporters.JUnitReportReporter -->
<testsuite hostname="Abhilash" failures="0" tests="10" name="prac1.com.Encounter" time="35.233" errors="0" timestamp="2022-10-18T15:57:05 IST" skipped="0">
  <testcase classname="prac1.com.Encounter" name="Test_Case1" time="10.413"/>
  <system-out/>
  <testcase classname="prac1.com.Encounter" name="Test_Case2" time="9.833"/>
  <system-out/>
  <testcase classname="prac1.com.Encounter" name="Test_Case3" time="3.292"/>
  <system-out/>
  <testcase classname="prac1.com.Encounter" name="Test_Case4" time="1.806"/>
  <system-out/>
  <testcase classname="prac1.com.Encounter" name="Test_Case5" time="1.561"/>
  <system-out/>
  <testcase classname="prac1.com.Encounter" name="Test_Case6" time="1.741"/>
  <system-out/>
  <testcase classname="prac1.com.Encounter" name="Test_Case7" time="1.530"/>
  <system-out/>
  <testcase classname="prac1.com.Encounter" name="Test_Case8" time="1.687"/>
  <system-out/>
  <testcase classname="prac1.com.Encounter" name="Test_Case9" time="1.745"/>
  <system-out/>
  <testcase classname="prac1.com.Encounter" name="Test_Case10" time="1.625"/>
  <system-out/>
</testsuite> <!-- prac1.com.Encounter -->
