<?xml version="1.0" encoding="UTF-8"?>
<!-- Generated by org.testng.reporters.JUnitReportReporter -->
<testsuite hostname="Abhilash" failures="0" tests="6" name="prac1.com.AllergyIntolerance" time="9.789" errors="0" timestamp="2022-09-16T11:28:02 IST" skipped="0">
  <testcase classname="prac1.com.AllergyIntolerance" name="Test_Case1" time="1.749"/>
  <system-out/>
  <testcase classname="prac1.com.AllergyIntolerance" name="Test_Case2" time="1.490"/>
  <system-out/>
  <testcase classname="prac1.com.AllergyIntolerance" name="Test_Case3" time="1.664"/>
  <system-out/>
  <testcase classname="prac1.com.AllergyIntolerance" name="Test_Case4" time="1.735"/>
  <system-out/>
  <testcase classname="prac1.com.AllergyIntolerance" name="Test_Case5" time="1.546"/>
  <system-out/>
  <testcase classname="prac1.com.AllergyIntolerance" name="Test_Case6" time="1.605"/>
  <system-out/>
</testsuite> <!-- prac1.com.AllergyIntolerance -->
